{
  "stats": {
    "suites": 1,
    "tests": 13,
    "passes": 13,
    "pending": 0,
    "failures": 0,
    "start": "2021-12-02T18:15:56.242Z",
    "end": "2021-12-02T18:15:59.325Z",
    "duration": 3083,
    "testsRegistered": 13,
    "passPercent": 100,
    "pendingPercent": 0,
    "other": 0,
    "hasOther": false,
    "skipped": 0,
    "hasSkipped": false
  },
  "results": [
    {
      "uuid": "82e93812-94c7-44db-952d-2fbee3105c52",
      "title": "",
      "fullFile": "",
      "file": "",
      "beforeHooks": [],
      "afterHooks": [],
      "tests": [],
      "suites": [
        {
          "uuid": "f072f485-293e-497e-bacc-66c2f41640c0",
          "title": "E-banjar User Masyarakat",
          "fullFile": "D:\\DEV\\Nativ\\E-Banjar\\test\\test\\user.test.js",
          "file": "\\test\\user.test.js",
          "beforeHooks": [],
          "afterHooks": [],
          "tests": [
            {
              "title": "Melakuakn Pencarian Kegiatan Masyrakat",
              "fullTitle": "E-banjar User Masyarakat Melakuakn Pencarian Kegiatan Masyrakat",
              "timedOut": false,
              "duration": 1180,
              "state": "passed",
              "speed": "slow",
              "pass": true,
              "fail": false,
              "pending": false,
              "context": null,
              "code": "await driver.findElement(By.id(\"keyword\")).sendKeys(\"update\", Key.RETURN);",
              "err": {},
              "uuid": "cdc8ed28-1738-4d81-bb5f-056b5757de0a",
              "parentUUID": "f072f485-293e-497e-bacc-66c2f41640c0",
              "isHook": false,
              "skipped": false
            },
            {
              "title": "Menekan Button Login",
              "fullTitle": "E-banjar User Masyarakat Menekan Button Login",
              "timedOut": false,
              "duration": 112,
              "state": "passed",
              "speed": "slow",
              "pass": true,
              "fail": false,
              "pending": false,
              "context": null,
              "code": "await driver.findElement(By.id(\"login\")).click();",
              "err": {},
              "uuid": "2c4f2db1-1797-405a-892a-9c97ecdc185b",
              "parentUUID": "f072f485-293e-497e-bacc-66c2f41640c0",
              "isHook": false,
              "skipped": false
            },
            {
              "title": "Login Dengan Username dan Password Kosong",
              "fullTitle": "E-banjar User Masyarakat Login Dengan Username dan Password Kosong",
              "timedOut": false,
              "duration": 122,
              "state": "passed",
              "speed": "slow",
              "pass": true,
              "fail": false,
              "pending": false,
              "context": null,
              "code": "await driver\n  .findElement(By.xpath(\"/html/body/div/div[2]/form/div[3]/button\"))\n  .click();\nlet error_usrname = await driver\n  .findElement(By.id(\"err_username\"))\n  .getText()\n  .then((value) => value);\nlet error_password = await driver\n  .findElement(By.id(\"err_password\"))\n  .getText()\n  .then((value) => value);\nassert.strictEqual(error_usrname, \"Username Kosong !\");\nassert.strictEqual(error_password, \"Password Salah !\");",
              "err": {},
              "uuid": "ac9e12ee-2d65-4054-8972-62054806736d",
              "parentUUID": "f072f485-293e-497e-bacc-66c2f41640c0",
              "isHook": false,
              "skipped": false
            },
            {
              "title": "Login Menggunakan User Sebagai User Masyarakat",
              "fullTitle": "E-banjar User Masyarakat Login Menggunakan User Sebagai User Masyarakat",
              "timedOut": false,
              "duration": 196,
              "state": "passed",
              "speed": "slow",
              "pass": true,
              "fail": false,
              "pending": false,
              "context": null,
              "code": "await driver.findElement(By.id(\"email\")).sendKeys(\"user@user.com\");\nawait driver.findElement(By.id(\"password\")).sendKeys(\"1111111111111112\");\nawait driver\n  .findElement(By.xpath(\"/html/body/div/div[2]/form/div[3]/button\"))\n  .click();",
              "err": {},
              "uuid": "0e76b550-82c8-404e-bad8-d814ddc35578",
              "parentUUID": "f072f485-293e-497e-bacc-66c2f41640c0",
              "isHook": false,
              "skipped": false
            },
            {
              "title": "Menekan Button Profile",
              "fullTitle": "E-banjar User Masyarakat Menekan Button Profile",
              "timedOut": false,
              "duration": 115,
              "state": "passed",
              "speed": "slow",
              "pass": true,
              "fail": false,
              "pending": false,
              "context": null,
              "code": "await driver.findElement(By.id(\"profile\")).click();",
              "err": {},
              "uuid": "5b8c8ecd-117a-4ac1-8fcf-cfede028d265",
              "parentUUID": "f072f485-293e-497e-bacc-66c2f41640c0",
              "isHook": false,
              "skipped": false
            },
            {
              "title": "Melakukan Update Pada Data Diri ",
              "fullTitle": "E-banjar User Masyarakat Melakukan Update Pada Data Diri ",
              "timedOut": false,
              "duration": 254,
              "state": "passed",
              "speed": "slow",
              "pass": true,
              "fail": false,
              "pending": false,
              "context": null,
              "code": "await driver\n  .findElement(By.name(\"avatar\"))\n  .sendKeys(\"D:/DEV/Nativ/E-Banjar/test/test/img/default.png\");\nawait driver.findElement(By.name(\"email\")).sendKeys(\"user1@user.com\");\nawait driver.findElement(By.name(\"no_hp\")).sendKeys(\"087111111111\");\nawait driver.findElement(By.name(\"tgl_lahir\")).sendKeys(\"2000-07-04\");\nawait driver\n  .findElement(\n    By.xpath(\"//html/body/div/main/div/div[2]/div/form/div[3]/button\")\n  )\n  .click();",
              "err": {},
              "uuid": "f1e85acb-1029-46c5-b37b-fdd1e2b4ac52",
              "parentUUID": "f072f485-293e-497e-bacc-66c2f41640c0",
              "isHook": false,
              "skipped": false
            },
            {
              "title": "Menekan Button Profile Untuk Melihat Data Diri Setelah Update Dan Menekan Button Cancel",
              "fullTitle": "E-banjar User Masyarakat Menekan Button Profile Untuk Melihat Data Diri Setelah Update Dan Menekan Button Cancel",
              "timedOut": false,
              "duration": 184,
              "state": "passed",
              "speed": "slow",
              "pass": true,
              "fail": false,
              "pending": false,
              "context": null,
              "code": "await driver.findElement(By.id(\"profile\")).click();\nawait driver.findElement(By.id(\"cancel\")).click();",
              "err": {},
              "uuid": "fe52cefc-490e-4357-ae6e-ffcfa8c0de35",
              "parentUUID": "f072f485-293e-497e-bacc-66c2f41640c0",
              "isHook": false,
              "skipped": false
            },
            {
              "title": "Menekan Button Pencarian Kegiatan Masyarakat",
              "fullTitle": "E-banjar User Masyarakat Menekan Button Pencarian Kegiatan Masyarakat",
              "timedOut": false,
              "duration": 98,
              "state": "passed",
              "speed": "slow",
              "pass": true,
              "fail": false,
              "pending": false,
              "context": null,
              "code": "await driver.findElement(By.id(\"kegiatan_masyarakat\")).click();",
              "err": {},
              "uuid": "6ddbae22-082e-4221-af48-219a8044c49b",
              "parentUUID": "f072f485-293e-497e-bacc-66c2f41640c0",
              "isHook": false,
              "skipped": false
            },
            {
              "title": "Melakukan Pencarian Kegiatan Masyarakat",
              "fullTitle": "E-banjar User Masyarakat Melakukan Pencarian Kegiatan Masyarakat",
              "timedOut": false,
              "duration": 210,
              "state": "passed",
              "speed": "slow",
              "pass": true,
              "fail": false,
              "pending": false,
              "context": null,
              "code": "await driver.findElement(By.id(\"keyword\")).sendKeys(\"terbaru\", Key.ENTER);\nawait driver.findElement(By.id(\"keyword\")).sendKeys(\"\", Key.ENTER);",
              "err": {},
              "uuid": "954e91f9-0d9c-478c-b747-084cf50204a1",
              "parentUUID": "f072f485-293e-497e-bacc-66c2f41640c0",
              "isHook": false,
              "skipped": false
            },
            {
              "title": "Menekan Button Lihat Pada Kegiatan Untuk Melihat Kegiatan Secara Spesifik",
              "fullTitle": "E-banjar User Masyarakat Menekan Button Lihat Pada Kegiatan Untuk Melihat Kegiatan Secara Spesifik",
              "timedOut": false,
              "duration": 103,
              "state": "passed",
              "speed": "slow",
              "pass": true,
              "fail": false,
              "pending": false,
              "context": null,
              "code": "await driver.findElement(By.id(\"lihat\")).click();\nawait driver.findElement(\n  By.xpath(\"/html/body/div/main/div/div[2]/div/div[3]/a\")\n);",
              "err": {},
              "uuid": "c2d9961a-537c-4a8e-a37b-a14f90b01aeb",
              "parentUUID": "f072f485-293e-497e-bacc-66c2f41640c0",
              "isHook": false,
              "skipped": false
            },
            {
              "title": "Menekan Button Pencarian Masyarakat",
              "fullTitle": "E-banjar User Masyarakat Menekan Button Pencarian Masyarakat",
              "timedOut": false,
              "duration": 95,
              "state": "passed",
              "speed": "slow",
              "pass": true,
              "fail": false,
              "pending": false,
              "context": null,
              "code": "await driver.findElement(By.id(\"pencarian_masyarakat\")).click();",
              "err": {},
              "uuid": "c818708f-a89a-4af2-969a-3ee6e7edf865",
              "parentUUID": "f072f485-293e-497e-bacc-66c2f41640c0",
              "isHook": false,
              "skipped": false
            },
            {
              "title": "Melakukan Pecarian Masyarakat",
              "fullTitle": "E-banjar User Masyarakat Melakukan Pecarian Masyarakat",
              "timedOut": false,
              "duration": 233,
              "state": "passed",
              "speed": "slow",
              "pass": true,
              "fail": false,
              "pending": false,
              "context": null,
              "code": "await driver.findElement(By.id(\"keyword\")).sendKeys(\"yoga\", Key.ENTER);\nawait driver.findElement(By.id(\"keyword\")).sendKeys(\"\", Key.ENTER);",
              "err": {},
              "uuid": "8c7e8154-aeb5-48fe-a9e8-c6c72ce81550",
              "parentUUID": "f072f485-293e-497e-bacc-66c2f41640c0",
              "isHook": false,
              "skipped": false
            },
            {
              "title": "Menekan Button Logout",
              "fullTitle": "E-banjar User Masyarakat Menekan Button Logout",
              "timedOut": false,
              "duration": 163,
              "state": "passed",
              "speed": "slow",
              "pass": true,
              "fail": false,
              "pending": false,
              "context": null,
              "code": "await driver.findElement(By.id(\"logout\")).click();\nawait driver.close()",
              "err": {},
              "uuid": "0ac01e23-ca8c-40e9-8858-71f3e3118b2b",
              "parentUUID": "f072f485-293e-497e-bacc-66c2f41640c0",
              "isHook": false,
              "skipped": false
            }
          ],
          "suites": [],
          "passes": [
            "cdc8ed28-1738-4d81-bb5f-056b5757de0a",
            "2c4f2db1-1797-405a-892a-9c97ecdc185b",
            "ac9e12ee-2d65-4054-8972-62054806736d",
            "0e76b550-82c8-404e-bad8-d814ddc35578",
            "5b8c8ecd-117a-4ac1-8fcf-cfede028d265",
            "f1e85acb-1029-46c5-b37b-fdd1e2b4ac52",
            "fe52cefc-490e-4357-ae6e-ffcfa8c0de35",
            "6ddbae22-082e-4221-af48-219a8044c49b",
            "954e91f9-0d9c-478c-b747-084cf50204a1",
            "c2d9961a-537c-4a8e-a37b-a14f90b01aeb",
            "c818708f-a89a-4af2-969a-3ee6e7edf865",
            "8c7e8154-aeb5-48fe-a9e8-c6c72ce81550",
            "0ac01e23-ca8c-40e9-8858-71f3e3118b2b"
          ],
          "failures": [],
          "pending": [],
          "skipped": [],
          "duration": 3065,
          "root": false,
          "rootEmpty": false,
          "_timeout": 0
        }
      ],
      "passes": [],
      "failures": [],
      "pending": [],
      "skipped": [],
      "duration": 0,
      "root": true,
      "rootEmpty": true,
      "_timeout": 0
    }
  ],
  "meta": {
    "mocha": {
      "version": "9.1.3"
    },
    "mochawesome": {
      "options": {
        "quiet": false,
        "reportFilename": "mochawesome",
        "saveHtml": true,
        "saveJson": true,
        "consoleReporter": "spec",
        "useInlineDiffs": false,
        "code": true
      },
      "version": "7.0.1"
    },
    "marge": {
      "options": null,
      "version": "6.0.1"
    }
  }
}